{"/home/yesouicom/github/ackis-siret-extractor-1/frontend/src/services/db.ts": {"path":"/home/yesouicom/github/ackis-siret-extractor-1/frontend/src/services/db.ts","statementMap":{"0":{"start":{"line":8,"column":4},"end":{"line":8,"column":null}},"1":{"start":{"line":9,"column":4},"end":{"line":11,"column":null}},"2":{"start":{"line":15,"column":18},"end":{"line":15,"column":null}}},"fnMap":{"0":{"name":"(anonymous_0)","decl":{"start":{"line":7,"column":2},"end":{"line":7,"column":16}},"loc":{"start":{"line":7,"column":16},"end":{"line":12,"column":null}},"line":7}},"branchMap":{},"s":{"0":1,"1":1,"2":1},"f":{"0":1},"b":{},"meta":{"lastBranch":0,"lastFunction":1,"lastStatement":3,"seen":{"f:7:2:7:16":0,"s:8:4:8:Infinity":0,"s:9:4:11:Infinity":1,"s:15:18:15:Infinity":2}}}
,"/home/yesouicom/github/ackis-siret-extractor-1/frontend/src/services/historyStorage.ts": {"path":"/home/yesouicom/github/ackis-siret-extractor-1/frontend/src/services/historyStorage.ts","statementMap":{"0":{"start":{"line":4,"column":28},"end":{"line":4,"column":null}},"1":{"start":{"line":12,"column":13},"end":{"line":12,"column":null}},"2":{"start":{"line":15,"column":16},"end":{"line":15,"column":null}},"3":{"start":{"line":16,"column":2},"end":{"line":25,"column":null}},"4":{"start":{"line":17,"column":28},"end":{"line":17,"column":null}},"5":{"start":{"line":18,"column":26},"end":{"line":21,"column":null}},"6":{"start":{"line":23,"column":24},"end":{"line":23,"column":null}},"7":{"start":{"line":23,"column":47},"end":{"line":23,"column":51}},"8":{"start":{"line":23,"column":82},"end":{"line":23,"column":98}},"9":{"start":{"line":24,"column":4},"end":{"line":24,"column":null}},"10":{"start":{"line":27,"column":2},"end":{"line":27,"column":null}},"11":{"start":{"line":34,"column":2},"end":{"line":37,"column":null}},"12":{"start":{"line":44,"column":2},"end":{"line":44,"column":null}},"13":{"start":{"line":51,"column":2},"end":{"line":51,"column":null}},"14":{"start":{"line":58,"column":2},"end":{"line":58,"column":null}},"15":{"start":{"line":65,"column":18},"end":{"line":65,"column":null}},"16":{"start":{"line":67,"column":30},"end":{"line":71,"column":null}},"17":{"start":{"line":73,"column":2},"end":{"line":76,"column":null}},"18":{"start":{"line":74,"column":4},"end":{"line":74,"column":null}},"19":{"start":{"line":75,"column":4},"end":{"line":75,"column":null}},"20":{"start":{"line":78,"column":2},"end":{"line":78,"column":null}}},"fnMap":{"0":{"name":"saveHistory","decl":{"start":{"line":10,"column":22},"end":{"line":10,"column":34}},"loc":{"start":{"line":10,"column":84},"end":{"line":28,"column":null}},"line":10},"1":{"name":"(anonymous_1)","decl":{"start":{"line":23,"column":42},"end":{"line":23,"column":47}},"loc":{"start":{"line":23,"column":47},"end":{"line":23,"column":51}},"line":23},"2":{"name":"(anonymous_2)","decl":{"start":{"line":23,"column":60},"end":{"line":23,"column":61}},"loc":{"start":{"line":23,"column":82},"end":{"line":23,"column":98}},"line":23},"3":{"name":"getHistory","decl":{"start":{"line":33,"column":22},"end":{"line":33,"column":60}},"loc":{"start":{"line":33,"column":60},"end":{"line":38,"column":null}},"line":33},"4":{"name":"getHistoryById","decl":{"start":{"line":43,"column":22},"end":{"line":43,"column":37}},"loc":{"start":{"line":43,"column":84},"end":{"line":45,"column":null}},"line":43},"5":{"name":"deleteHistory","decl":{"start":{"line":50,"column":22},"end":{"line":50,"column":36}},"loc":{"start":{"line":50,"column":63},"end":{"line":52,"column":null}},"line":50},"6":{"name":"clearHistory","decl":{"start":{"line":57,"column":22},"end":{"line":57,"column":52}},"loc":{"start":{"line":57,"column":52},"end":{"line":59,"column":null}},"line":57},"7":{"name":"getHistoryStats","decl":{"start":{"line":64,"column":22},"end":{"line":64,"column":63}},"loc":{"start":{"line":64,"column":63},"end":{"line":79,"column":null}},"line":64}},"branchMap":{"0":{"loc":{"start":{"line":16,"column":2},"end":{"line":25,"column":null}},"type":"if","locations":[{"start":{"line":16,"column":2},"end":{"line":25,"column":null}},{"start":{},"end":{}}],"line":16}},"s":{"0":1,"1":69,"2":69,"3":69,"4":5,"5":5,"6":5,"7":5,"8":5,"9":5,"10":69,"11":2,"12":4,"13":2,"14":1,"15":3,"16":3,"17":3,"18":3,"19":3,"20":3},"f":{"0":69,"1":5,"2":5,"3":2,"4":4,"5":2,"6":1,"7":3},"b":{"0":[5,64]},"meta":{"lastBranch":1,"lastFunction":8,"lastStatement":21,"seen":{"s:4:28:4:Infinity":0,"f:10:22:10:34":0,"s:12:13:12:Infinity":1,"s:15:16:15:Infinity":2,"b:16:2:25:Infinity:undefined:undefined:undefined:undefined":0,"s:16:2:25:Infinity":3,"s:17:28:17:Infinity":4,"s:18:26:21:Infinity":5,"s:23:24:23:Infinity":6,"f:23:42:23:47":1,"s:23:47:23:51":7,"f:23:60:23:61":2,"s:23:82:23:98":8,"s:24:4:24:Infinity":9,"s:27:2:27:Infinity":10,"f:33:22:33:60":3,"s:34:2:37:Infinity":11,"f:43:22:43:37":4,"s:44:2:44:Infinity":12,"f:50:22:50:36":5,"s:51:2:51:Infinity":13,"f:57:22:57:52":6,"s:58:2:58:Infinity":14,"f:64:22:64:63":7,"s:65:18:65:Infinity":15,"s:67:30:71:Infinity":16,"s:73:2:76:Infinity":17,"s:74:4:74:Infinity":18,"s:75:4:75:Infinity":19,"s:78:2:78:Infinity":20}}}
,"/home/yesouicom/github/ackis-siret-extractor-1/frontend/src/utils/urlExtractor.ts": {"path":"/home/yesouicom/github/ackis-siret-extractor-1/frontend/src/utils/urlExtractor.ts","statementMap":{"0":{"start":{"line":15,"column":2},"end":{"line":17,"column":null}},"1":{"start":{"line":16,"column":4},"end":{"line":16,"column":null}},"2":{"start":{"line":20,"column":18},"end":{"line":20,"column":null}},"3":{"start":{"line":23,"column":21},"end":{"line":23,"column":null}},"4":{"start":{"line":24,"column":2},"end":{"line":24,"column":null}},"5":{"start":{"line":31,"column":18},"end":{"line":31,"column":null}},"6":{"start":{"line":34,"column":2},"end":{"line":36,"column":null}},"7":{"start":{"line":35,"column":4},"end":{"line":35,"column":null}},"8":{"start":{"line":38,"column":2},"end":{"line":38,"column":null}},"9":{"start":{"line":52,"column":40},"end":{"line":52,"column":null}},"10":{"start":{"line":55,"column":24},"end":{"line":57,"column":null}},"11":{"start":{"line":56,"column":21},"end":{"line":56,"column":33}},"12":{"start":{"line":57,"column":20},"end":{"line":57,"column":43}},"13":{"start":{"line":59,"column":2},"end":{"line":62,"column":null}},"14":{"start":{"line":60,"column":4},"end":{"line":60,"column":null}},"15":{"start":{"line":61,"column":4},"end":{"line":61,"column":null}},"16":{"start":{"line":65,"column":24},"end":{"line":69,"column":null}},"17":{"start":{"line":65,"column":52},"end":{"line":69,"column":4}},"18":{"start":{"line":71,"column":2},"end":{"line":71,"column":null}},"19":{"start":{"line":74,"column":2},"end":{"line":100,"column":null}},"20":{"start":{"line":74,"column":22},"end":{"line":74,"column":25}},"21":{"start":{"line":75,"column":16},"end":{"line":75,"column":null}},"22":{"start":{"line":78,"column":19},"end":{"line":78,"column":null}},"23":{"start":{"line":79,"column":4},"end":{"line":95,"column":null}},"24":{"start":{"line":80,"column":6},"end":{"line":82,"column":null}},"25":{"start":{"line":81,"column":8},"end":{"line":81,"column":null}},"26":{"start":{"line":84,"column":24},"end":{"line":84,"column":null}},"27":{"start":{"line":85,"column":6},"end":{"line":94,"column":null}},"28":{"start":{"line":86,"column":30},"end":{"line":86,"column":null}},"29":{"start":{"line":87,"column":8},"end":{"line":91,"column":null}},"30":{"start":{"line":92,"column":8},"end":{"line":92,"column":null}},"31":{"start":{"line":93,"column":8},"end":{"line":93,"column":null}},"32":{"start":{"line":97,"column":4},"end":{"line":99,"column":null}},"33":{"start":{"line":98,"column":6},"end":{"line":98,"column":null}},"34":{"start":{"line":102,"column":2},"end":{"line":104,"column":null}},"35":{"start":{"line":106,"column":2},"end":{"line":106,"column":null}},"36":{"start":{"line":113,"column":24},"end":{"line":113,"column":null}},"37":{"start":{"line":114,"column":2},"end":{"line":116,"column":null}},"38":{"start":{"line":114,"column":15},"end":{"line":114,"column":18}},"39":{"start":{"line":115,"column":4},"end":{"line":115,"column":null}},"40":{"start":{"line":117,"column":2},"end":{"line":117,"column":null}}},"fnMap":{"0":{"name":"isValidUrl","decl":{"start":{"line":14,"column":9},"end":{"line":14,"column":20}},"loc":{"start":{"line":14,"column":42},"end":{"line":25,"column":null}},"line":14},"1":{"name":"normalizeUrl","decl":{"start":{"line":30,"column":9},"end":{"line":30,"column":22}},"loc":{"start":{"line":30,"column":43},"end":{"line":39,"column":null}},"line":30},"2":{"name":"extractUrls","decl":{"start":{"line":48,"column":16},"end":{"line":48,"column":null}},"loc":{"start":{"line":51,"column":18},"end":{"line":107,"column":null}},"line":51},"3":{"name":"(anonymous_3)","decl":{"start":{"line":56,"column":12},"end":{"line":56,"column":13}},"loc":{"start":{"line":56,"column":21},"end":{"line":56,"column":33}},"line":56},"4":{"name":"(anonymous_4)","decl":{"start":{"line":57,"column":10},"end":{"line":57,"column":11}},"loc":{"start":{"line":57,"column":20},"end":{"line":57,"column":43}},"line":57},"5":{"name":"(anonymous_5)","decl":{"start":{"line":65,"column":42},"end":{"line":65,"column":43}},"loc":{"start":{"line":65,"column":52},"end":{"line":69,"column":4}},"line":65},"6":{"name":"chunkArray","decl":{"start":{"line":112,"column":16},"end":{"line":112,"column":30}},"loc":{"start":{"line":112,"column":63},"end":{"line":118,"column":null}},"line":112}},"branchMap":{"0":{"loc":{"start":{"line":15,"column":2},"end":{"line":17,"column":null}},"type":"if","locations":[{"start":{"line":15,"column":2},"end":{"line":17,"column":null}},{"start":{},"end":{}}],"line":15},"1":{"loc":{"start":{"line":15,"column":6},"end":{"line":15,"column":39}},"type":"binary-expr","locations":[{"start":{"line":15,"column":6},"end":{"line":15,"column":14}},{"start":{"line":15,"column":14},"end":{"line":15,"column":39}}],"line":15},"2":{"loc":{"start":{"line":34,"column":2},"end":{"line":36,"column":null}},"type":"if","locations":[{"start":{"line":34,"column":2},"end":{"line":36,"column":null}},{"start":{},"end":{}}],"line":34},"3":{"loc":{"start":{"line":59,"column":2},"end":{"line":62,"column":null}},"type":"if","locations":[{"start":{"line":59,"column":2},"end":{"line":62,"column":null}},{"start":{},"end":{}}],"line":59},"4":{"loc":{"start":{"line":80,"column":6},"end":{"line":82,"column":null}},"type":"if","locations":[{"start":{"line":80,"column":6},"end":{"line":82,"column":null}},{"start":{},"end":{}}],"line":80},"5":{"loc":{"start":{"line":85,"column":6},"end":{"line":94,"column":null}},"type":"if","locations":[{"start":{"line":85,"column":6},"end":{"line":94,"column":null}},{"start":{},"end":{}}],"line":85},"6":{"loc":{"start":{"line":85,"column":10},"end":{"line":85,"column":46}},"type":"binary-expr","locations":[{"start":{"line":85,"column":10},"end":{"line":85,"column":23}},{"start":{"line":85,"column":23},"end":{"line":85,"column":46}}],"line":85},"7":{"loc":{"start":{"line":97,"column":4},"end":{"line":99,"column":null}},"type":"if","locations":[{"start":{"line":97,"column":4},"end":{"line":99,"column":null}},{"start":{},"end":{}}],"line":97}},"s":{"0":17,"1":0,"2":17,"3":17,"4":17,"5":11,"6":11,"7":2,"8":9,"9":9,"10":9,"11":13,"12":3,"13":9,"14":1,"15":1,"16":8,"17":11,"18":8,"19":8,"20":8,"21":16,"22":16,"23":16,"24":18,"25":1,"26":17,"27":17,"28":11,"29":11,"30":11,"31":11,"32":16,"33":5,"34":8,"35":8,"36":5,"37":5,"38":5,"39":11,"40":5},"f":{"0":17,"1":11,"2":9,"3":13,"4":3,"5":11,"6":5},"b":{"0":[0,17],"1":[17,17],"2":[2,9],"3":[1,8],"4":[1,17],"5":[11,6],"6":[17,17],"7":[5,11]},"meta":{"lastBranch":8,"lastFunction":7,"lastStatement":41,"seen":{"f:14:9:14:20":0,"b:15:2:17:Infinity:undefined:undefined:undefined:undefined":0,"s:15:2:17:Infinity":0,"b:15:6:15:14:15:14:15:39":1,"s:16:4:16:Infinity":1,"s:20:18:20:Infinity":2,"s:23:21:23:Infinity":3,"s:24:2:24:Infinity":4,"f:30:9:30:22":1,"s:31:18:31:Infinity":5,"b:34:2:36:Infinity:undefined:undefined:undefined:undefined":2,"s:34:2:36:Infinity":6,"s:35:4:35:Infinity":7,"s:38:2:38:Infinity":8,"f:48:16:48:Infinity":2,"s:52:40:52:Infinity":9,"s:55:24:57:Infinity":10,"f:56:12:56:13":3,"s:56:21:56:33":11,"f:57:10:57:11":4,"s:57:20:57:43":12,"b:59:2:62:Infinity:undefined:undefined:undefined:undefined":3,"s:59:2:62:Infinity":13,"s:60:4:60:Infinity":14,"s:61:4:61:Infinity":15,"s:65:24:69:Infinity":16,"f:65:42:65:43":5,"s:65:52:69:4":17,"s:71:2:71:Infinity":18,"s:74:2:100:Infinity":19,"s:74:22:74:25":20,"s:75:16:75:Infinity":21,"s:78:19:78:Infinity":22,"s:79:4:95:Infinity":23,"b:80:6:82:Infinity:undefined:undefined:undefined:undefined":4,"s:80:6:82:Infinity":24,"s:81:8:81:Infinity":25,"s:84:24:84:Infinity":26,"b:85:6:94:Infinity:undefined:undefined:undefined:undefined":5,"s:85:6:94:Infinity":27,"b:85:10:85:23:85:23:85:46":6,"s:86:30:86:Infinity":28,"s:87:8:91:Infinity":29,"s:92:8:92:Infinity":30,"s:93:8:93:Infinity":31,"b:97:4:99:Infinity:undefined:undefined:undefined:undefined":7,"s:97:4:99:Infinity":32,"s:98:6:98:Infinity":33,"s:102:2:104:Infinity":34,"s:106:2:106:Infinity":35,"f:112:16:112:30":6,"s:113:24:113:Infinity":36,"s:114:2:116:Infinity":37,"s:114:15:114:18":38,"s:115:4:115:Infinity":39,"s:117:2:117:Infinity":40}}}
}
